<?xml version="1.0" encoding="UTF-8"?>
<!-- Generated by org.testng.reporters.JUnitXMLReporter -->
<testsuite ignored="0" hostname="LP-TZ-0X107825" failures="0" tests="4" name="Test" time="2.706" errors="0" timestamp="2023-02-24T10:49:59 IST">
  <testcase classname="com.tpo.test.TestAPI" name="testPostMethod" time="1.484"/>
  <testcase classname="com.tpo.test.TestAPI" name="testPutMethod" time="0.531"/>
  <testcase classname="com.tpo.test.TestAPI" name="testGetMethod" time="0.131"/>
  <testcase classname="com.tpo.test.TestAPI" name="testDeleteMethod" time="0.536"/>
</testsuite> <!-- Test -->
