<?xml version="1.0" encoding="UTF-8"?>
<!-- Generated by org.testng.reporters.JUnitXMLReporter -->
<testsuite ignored="0" hostname="LP-TZ-0X107825" failures="0" tests="4" name="Test" time="9.497" errors="0" timestamp="2023-02-24T04:07:39 IST">
  <testcase classname="com.tpo.test.HomePageTest1" name="launchBrowser" time="5.0"/>
  <testcase classname="com.tpo.test.HomePageTest1" name="searchResult" time="4.126"/>
  <testcase classname="com.tpo.test.HomePageTest1" name="validateResult" time="0.033"/>
  <testcase classname="com.tpo.test.HomePageTest1" name="closeBrowser" time="0.302"/>
</testsuite> <!-- Test -->
