<?xml version="1.0" encoding="UTF-8"?>
<testng-results ignored="0" total="4" passed="4" failed="0" skipped="0">
  <reporter-output>
  </reporter-output>
  <suite started-at="2023-02-26T20:56:41 IST" name="Suite" finished-at="2023-02-26T20:56:44 IST" duration-ms="3016">
    <groups>
    </groups>
    <test started-at="2023-02-26T20:56:41 IST" name="Test" finished-at="2023-02-26T20:56:44 IST" duration-ms="3016">
      <class name="com.tpo.test.TestAPI">
        <test-method is-config="true" signature="beforeSuite()[pri:0, instance:com.tpo.test.TestAPI@6d4d66d2]" started-at="2023-02-26T20:56:41 IST" name="beforeSuite" finished-at="2023-02-26T20:56:41 IST" duration-ms="234" status="PASS">
          <reporter-output>
          </reporter-output>
        </test-method> <!-- beforeSuite -->
        <test-method signature="testPostMethod()[pri:0, instance:com.tpo.test.TestAPI@6d4d66d2]" started-at="2023-02-26T20:56:41 IST" name="testPostMethod" finished-at="2023-02-26T20:56:43 IST" duration-ms="1801" status="PASS">
          <reporter-output>
          </reporter-output>
        </test-method> <!-- testPostMethod -->
        <test-method signature="testPutMethod()[pri:0, instance:com.tpo.test.TestAPI@6d4d66d2]" started-at="2023-02-26T20:56:43 IST" name="testPutMethod" finished-at="2023-02-26T20:56:44 IST" duration-ms="551" status="PASS">
          <reporter-output>
          </reporter-output>
        </test-method> <!-- testPutMethod -->
        <test-method signature="testGetMethod()[pri:0, instance:com.tpo.test.TestAPI@6d4d66d2]" started-at="2023-02-26T20:56:44 IST" name="testGetMethod" finished-at="2023-02-26T20:56:44 IST" duration-ms="120" status="PASS">
          <reporter-output>
          </reporter-output>
        </test-method> <!-- testGetMethod -->
        <test-method signature="testDeleteMethod()[pri:0, instance:com.tpo.test.TestAPI@6d4d66d2]" started-at="2023-02-26T20:56:44 IST" name="testDeleteMethod" finished-at="2023-02-26T20:56:44 IST" duration-ms="518" status="PASS">
          <reporter-output>
          </reporter-output>
        </test-method> <!-- testDeleteMethod -->
        <test-method is-config="true" signature="closeDriver()[pri:0, instance:com.tpo.test.TestAPI@6d4d66d2]" started-at="2023-02-26T20:56:45 IST" name="closeDriver" finished-at="2023-02-26T20:56:45 IST" duration-ms="0" status="FAIL">
          <exception class="java.lang.NullPointerException">
            <message>
              <![CDATA[Cannot invoke "org.openqa.selenium.WebDriver.close()" because "com.tpo.testbase.TestBase.driver" is null]]>
            </message>
            <full-stacktrace>
              <![CDATA[java.lang.NullPointerException: Cannot invoke "org.openqa.selenium.WebDriver.close()" because "com.tpo.testbase.TestBase.driver" is null
at com.tpo.testbase.TestBase.closeDriver(TestBase.java:40)
at java.base/jdk.internal.reflect.NativeMethodAccessorImpl.invoke0(Native Method)
at java.base/jdk.internal.reflect.NativeMethodAccessorImpl.invoke(NativeMethodAccessorImpl.java:77)
at java.base/jdk.internal.reflect.DelegatingMethodAccessorImpl.invoke(DelegatingMethodAccessorImpl.java:43)
at java.base/java.lang.reflect.Method.invoke(Method.java:568)
at org.testng.internal.invokers.MethodInvocationHelper.invokeMethod(MethodInvocationHelper.java:139)
at org.testng.internal.invokers.MethodInvocationHelper.invokeMethodConsideringTimeout(MethodInvocationHelper.java:69)
at org.testng.internal.invokers.ConfigInvoker.invokeConfigurationMethod(ConfigInvoker.java:361)
at org.testng.internal.invokers.ConfigInvoker.invokeConfigurations(ConfigInvoker.java:296)
at org.testng.SuiteRunner.privateRun(SuiteRunner.java:404)
at org.testng.SuiteRunner.run(SuiteRunner.java:330)
at org.testng.SuiteRunnerWorker.runSuite(SuiteRunnerWorker.java:52)
at org.testng.SuiteRunnerWorker.run(SuiteRunnerWorker.java:95)
at org.testng.TestNG.runSuitesSequentially(TestNG.java:1256)
at org.testng.TestNG.runSuitesLocally(TestNG.java:1176)
at org.testng.TestNG.runSuites(TestNG.java:1099)
at org.testng.TestNG.run(TestNG.java:1067)
at org.testng.remote.AbstractRemoteTestNG.run(AbstractRemoteTestNG.java:115)
at org.testng.remote.RemoteTestNG.initAndRun(RemoteTestNG.java:251)
at org.testng.remote.RemoteTestNG.main(RemoteTestNG.java:77)
]]>
            </full-stacktrace>
          </exception> <!-- java.lang.NullPointerException -->
          <reporter-output>
          </reporter-output>
        </test-method> <!-- closeDriver -->
      </class> <!-- com.tpo.test.TestAPI -->
    </test> <!-- Test -->
  </suite> <!-- Suite -->
</testng-results>
