<?xml version="1.0" encoding="UTF-8"?>
<testng-results ignored="0" total="4" passed="4" failed="0" skipped="0">
  <reporter-output>
  </reporter-output>
  <suite started-at="2023-02-24T04:07:29 IST" name="Suite" finished-at="2023-02-24T04:07:39 IST" duration-ms="9497">
    <groups>
    </groups>
    <test started-at="2023-02-24T04:07:29 IST" name="Test" finished-at="2023-02-24T04:07:39 IST" duration-ms="9497">
      <class name="com.tpo.test.HomePageTest1">
        <test-method signature="launchBrowser()[pri:1, instance:com.tpo.test.HomePageTest1@72e5a8e]" started-at="2023-02-24T04:07:29 IST" name="launchBrowser" finished-at="2023-02-24T04:07:34 IST" duration-ms="5000" status="PASS">
          <reporter-output>
          </reporter-output>
        </test-method> <!-- launchBrowser -->
        <test-method signature="searchResult()[pri:2, instance:com.tpo.test.HomePageTest1@72e5a8e]" started-at="2023-02-24T04:07:35 IST" name="searchResult" finished-at="2023-02-24T04:07:39 IST" duration-ms="4126" status="PASS">
          <reporter-output>
          </reporter-output>
        </test-method> <!-- searchResult -->
        <test-method signature="validateResult()[pri:3, instance:com.tpo.test.HomePageTest1@72e5a8e]" started-at="2023-02-24T04:07:39 IST" name="validateResult" finished-at="2023-02-24T04:07:39 IST" duration-ms="33" status="PASS">
          <reporter-output>
          </reporter-output>
        </test-method> <!-- validateResult -->
        <test-method signature="closeBrowser()[pri:4, instance:com.tpo.test.HomePageTest1@72e5a8e]" started-at="2023-02-24T04:07:39 IST" name="closeBrowser" finished-at="2023-02-24T04:07:39 IST" duration-ms="302" status="PASS">
          <reporter-output>
          </reporter-output>
        </test-method> <!-- closeBrowser -->
      </class> <!-- com.tpo.test.HomePageTest1 -->
    </test> <!-- Test -->
  </suite> <!-- Suite -->
</testng-results>
